[0.703s] Invoking command in '/home/zfan/assignment3/assignment3_WS/src/tb3_autonomous': PYTHONPATH=/home/zfan/assignment3/assignment3_WS/build/tb3_autonomous/prefix_override:/usr/lib/python3/dist-packages/colcon_core/task/python/colcon_distutils_commands:/home/zfan/assignment3/assignment3_WS/install/tb3_autonomous/lib/python3.10/site-packages:${PYTHONPATH} /usr/bin/python3 -W ignore:setup.py install is deprecated -W ignore:easy_install command is deprecated setup.py egg_info --egg-base ../../build/tb3_autonomous build --build-base /home/zfan/assignment3/assignment3_WS/build/tb3_autonomous/build install --record /home/zfan/assignment3/assignment3_WS/build/tb3_autonomous/install.log --single-version-externally-managed install_data
[0.962s] running egg_info
[0.962s] creating ../../build/tb3_autonomous/tb3_autonomous.egg-info
[0.963s] writing ../../build/tb3_autonomous/tb3_autonomous.egg-info/PKG-INFO
[0.963s] writing dependency_links to ../../build/tb3_autonomous/tb3_autonomous.egg-info/dependency_links.txt
[0.963s] writing entry points to ../../build/tb3_autonomous/tb3_autonomous.egg-info/entry_points.txt
[0.963s] writing requirements to ../../build/tb3_autonomous/tb3_autonomous.egg-info/requires.txt
[0.964s] writing top-level names to ../../build/tb3_autonomous/tb3_autonomous.egg-info/top_level.txt
[0.964s] writing manifest file '../../build/tb3_autonomous/tb3_autonomous.egg-info/SOURCES.txt'
[0.965s] reading manifest file '../../build/tb3_autonomous/tb3_autonomous.egg-info/SOURCES.txt'
[0.966s] writing manifest file '../../build/tb3_autonomous/tb3_autonomous.egg-info/SOURCES.txt'
[0.966s] running build
[0.966s] running build_py
[0.966s] creating /home/zfan/assignment3/assignment3_WS/build/tb3_autonomous/build
[0.966s] creating /home/zfan/assignment3/assignment3_WS/build/tb3_autonomous/build/lib
[0.967s] creating /home/zfan/assignment3/assignment3_WS/build/tb3_autonomous/build/lib/tb3_autonomous
[0.967s] copying tb3_autonomous/__init__.py -> /home/zfan/assignment3/assignment3_WS/build/tb3_autonomous/build/lib/tb3_autonomous
[0.967s] copying tb3_autonomous/navigation_node.py -> /home/zfan/assignment3/assignment3_WS/build/tb3_autonomous/build/lib/tb3_autonomous
[0.967s] running install
[0.967s] running install_lib
[0.968s] creating /home/zfan/assignment3/assignment3_WS/install/tb3_autonomous/lib/python3.10/site-packages/tb3_autonomous
[0.968s] copying /home/zfan/assignment3/assignment3_WS/build/tb3_autonomous/build/lib/tb3_autonomous/__init__.py -> /home/zfan/assignment3/assignment3_WS/install/tb3_autonomous/lib/python3.10/site-packages/tb3_autonomous
[0.968s] copying /home/zfan/assignment3/assignment3_WS/build/tb3_autonomous/build/lib/tb3_autonomous/navigation_node.py -> /home/zfan/assignment3/assignment3_WS/install/tb3_autonomous/lib/python3.10/site-packages/tb3_autonomous
[0.969s] byte-compiling /home/zfan/assignment3/assignment3_WS/install/tb3_autonomous/lib/python3.10/site-packages/tb3_autonomous/__init__.py to __init__.cpython-310.pyc
[0.969s] byte-compiling /home/zfan/assignment3/assignment3_WS/install/tb3_autonomous/lib/python3.10/site-packages/tb3_autonomous/navigation_node.py to navigation_node.cpython-310.pyc
[0.971s] running install_data
[0.971s] creating /home/zfan/assignment3/assignment3_WS/install/tb3_autonomous/share/tb3_autonomous/launch
[0.971s] copying launch/new_world.launch.py -> /home/zfan/assignment3/assignment3_WS/install/tb3_autonomous/share/tb3_autonomous/launch
[0.971s] creating /home/zfan/assignment3/assignment3_WS/install/tb3_autonomous/share/tb3_autonomous/xacro
[0.972s] copying xacro/turtlebot3_waffle_pi.urdf.xacro -> /home/zfan/assignment3/assignment3_WS/install/tb3_autonomous/share/tb3_autonomous/xacro
[0.972s] creating /home/zfan/assignment3/assignment3_WS/install/tb3_autonomous/share/tb3_autonomous/worlds
[0.972s] copying worlds/new_world.world -> /home/zfan/assignment3/assignment3_WS/install/tb3_autonomous/share/tb3_autonomous/worlds
[0.972s] copying package.xml -> /home/zfan/assignment3/assignment3_WS/install/tb3_autonomous/share/tb3_autonomous
[0.972s] running install_egg_info
[0.974s] Copying ../../build/tb3_autonomous/tb3_autonomous.egg-info to /home/zfan/assignment3/assignment3_WS/install/tb3_autonomous/lib/python3.10/site-packages/tb3_autonomous-0.0.0-py3.10.egg-info
[0.975s] running install_scripts
[0.995s] Installing vision_nav script to /home/zfan/assignment3/assignment3_WS/install/tb3_autonomous/lib/tb3_autonomous
[0.995s] writing list of installed files to '/home/zfan/assignment3/assignment3_WS/build/tb3_autonomous/install.log'
[1.019s] Invoked command in '/home/zfan/assignment3/assignment3_WS/src/tb3_autonomous' returned '0': PYTHONPATH=/home/zfan/assignment3/assignment3_WS/build/tb3_autonomous/prefix_override:/usr/lib/python3/dist-packages/colcon_core/task/python/colcon_distutils_commands:/home/zfan/assignment3/assignment3_WS/install/tb3_autonomous/lib/python3.10/site-packages:${PYTHONPATH} /usr/bin/python3 -W ignore:setup.py install is deprecated -W ignore:easy_install command is deprecated setup.py egg_info --egg-base ../../build/tb3_autonomous build --build-base /home/zfan/assignment3/assignment3_WS/build/tb3_autonomous/build install --record /home/zfan/assignment3/assignment3_WS/build/tb3_autonomous/install.log --single-version-externally-managed install_data
