[1.192s] Invoking command in '/home/zfan/assignment3/assignment3_WS/src/tb3_autonomous': PYTHONPATH=/home/zfan/assignment3/assignment3_WS/build/tb3_autonomous/prefix_override:/usr/lib/python3/dist-packages/colcon_core/task/python/colcon_distutils_commands:/home/zfan/assignment3/assignment3_WS/install/tb3_autonomous/lib/python3.10/site-packages:${PYTHONPATH} /usr/bin/python3 -W ignore:setup.py install is deprecated -W ignore:easy_install command is deprecated setup.py egg_info --egg-base ../../build/tb3_autonomous build --build-base /home/zfan/assignment3/assignment3_WS/build/tb3_autonomous/build install --record /home/zfan/assignment3/assignment3_WS/build/tb3_autonomous/install.log --single-version-externally-managed install_data
[1.555s] running egg_info
[1.556s] creating ../../build/tb3_autonomous/tb3_autonomous.egg-info
[1.556s] writing ../../build/tb3_autonomous/tb3_autonomous.egg-info/PKG-INFO
[1.557s] writing dependency_links to ../../build/tb3_autonomous/tb3_autonomous.egg-info/dependency_links.txt
[1.557s] writing entry points to ../../build/tb3_autonomous/tb3_autonomous.egg-info/entry_points.txt
[1.557s] writing requirements to ../../build/tb3_autonomous/tb3_autonomous.egg-info/requires.txt
[1.557s] writing top-level names to ../../build/tb3_autonomous/tb3_autonomous.egg-info/top_level.txt
[1.557s] writing manifest file '../../build/tb3_autonomous/tb3_autonomous.egg-info/SOURCES.txt'
[1.559s] reading manifest file '../../build/tb3_autonomous/tb3_autonomous.egg-info/SOURCES.txt'
[1.560s] writing manifest file '../../build/tb3_autonomous/tb3_autonomous.egg-info/SOURCES.txt'
[1.560s] running build
[1.560s] running build_py
[1.560s] creating /home/zfan/assignment3/assignment3_WS/build/tb3_autonomous/build
[1.560s] creating /home/zfan/assignment3/assignment3_WS/build/tb3_autonomous/build/lib
[1.560s] creating /home/zfan/assignment3/assignment3_WS/build/tb3_autonomous/build/lib/tb3_autonomous
[1.560s] copying tb3_autonomous/__init__.py -> /home/zfan/assignment3/assignment3_WS/build/tb3_autonomous/build/lib/tb3_autonomous
[1.561s] copying tb3_autonomous/navigation_node.py -> /home/zfan/assignment3/assignment3_WS/build/tb3_autonomous/build/lib/tb3_autonomous
[1.561s] running install
[1.561s] running install_lib
[1.562s] creating /home/zfan/assignment3/assignment3_WS/install/tb3_autonomous/lib/python3.10/site-packages/tb3_autonomous
[1.562s] copying /home/zfan/assignment3/assignment3_WS/build/tb3_autonomous/build/lib/tb3_autonomous/__init__.py -> /home/zfan/assignment3/assignment3_WS/install/tb3_autonomous/lib/python3.10/site-packages/tb3_autonomous
[1.562s] copying /home/zfan/assignment3/assignment3_WS/build/tb3_autonomous/build/lib/tb3_autonomous/navigation_node.py -> /home/zfan/assignment3/assignment3_WS/install/tb3_autonomous/lib/python3.10/site-packages/tb3_autonomous
[1.563s] byte-compiling /home/zfan/assignment3/assignment3_WS/install/tb3_autonomous/lib/python3.10/site-packages/tb3_autonomous/__init__.py to __init__.cpython-310.pyc
[1.563s] byte-compiling /home/zfan/assignment3/assignment3_WS/install/tb3_autonomous/lib/python3.10/site-packages/tb3_autonomous/navigation_node.py to navigation_node.cpython-310.pyc
[1.564s] running install_data
[1.564s] creating /home/zfan/assignment3/assignment3_WS/install/tb3_autonomous/share/tb3_autonomous/launch
[1.564s] copying launch/new_world.launch.py -> /home/zfan/assignment3/assignment3_WS/install/tb3_autonomous/share/tb3_autonomous/launch
[1.564s] creating /home/zfan/assignment3/assignment3_WS/install/tb3_autonomous/share/tb3_autonomous/xacro
[1.564s] creating /home/zfan/assignment3/assignment3_WS/install/tb3_autonomous/share/tb3_autonomous/worlds
[1.564s] copying worlds/new_world.world -> /home/zfan/assignment3/assignment3_WS/install/tb3_autonomous/share/tb3_autonomous/worlds
[1.565s] copying package.xml -> /home/zfan/assignment3/assignment3_WS/install/tb3_autonomous/share/tb3_autonomous
[1.565s] running install_egg_info
[1.567s] Copying ../../build/tb3_autonomous/tb3_autonomous.egg-info to /home/zfan/assignment3/assignment3_WS/install/tb3_autonomous/lib/python3.10/site-packages/tb3_autonomous-0.0.0-py3.10.egg-info
[1.569s] running install_scripts
[1.602s] Installing vision_nav script to /home/zfan/assignment3/assignment3_WS/install/tb3_autonomous/lib/tb3_autonomous
[1.602s] writing list of installed files to '/home/zfan/assignment3/assignment3_WS/build/tb3_autonomous/install.log'
[1.639s] Invoked command in '/home/zfan/assignment3/assignment3_WS/src/tb3_autonomous' returned '0': PYTHONPATH=/home/zfan/assignment3/assignment3_WS/build/tb3_autonomous/prefix_override:/usr/lib/python3/dist-packages/colcon_core/task/python/colcon_distutils_commands:/home/zfan/assignment3/assignment3_WS/install/tb3_autonomous/lib/python3.10/site-packages:${PYTHONPATH} /usr/bin/python3 -W ignore:setup.py install is deprecated -W ignore:easy_install command is deprecated setup.py egg_info --egg-base ../../build/tb3_autonomous build --build-base /home/zfan/assignment3/assignment3_WS/build/tb3_autonomous/build install --record /home/zfan/assignment3/assignment3_WS/build/tb3_autonomous/install.log --single-version-externally-managed install_data
