[0.394s] DEBUG:colcon:Command line arguments: ['/usr/bin/colcon', 'build']
[0.394s] DEBUG:colcon:Parsed command line arguments: Namespace(log_base=None, log_level=None, verb_name='build', build_base='build', install_base='install', merge_install=False, symlink_install=False, test_result_base=None, continue_on_error=False, executor='parallel', parallel_workers=8, event_handlers=None, ignore_user_meta=False, metas=['./colcon.meta'], base_paths=['.'], packages_ignore=None, packages_ignore_regex=None, paths=None, packages_up_to=None, packages_up_to_regex=None, packages_above=None, packages_above_and_dependencies=None, packages_above_depth=None, packages_select_by_dep=None, packages_skip_by_dep=None, packages_skip_up_to=None, packages_select_build_failed=False, packages_skip_build_finished=False, packages_select_test_failures=False, packages_skip_test_passed=False, packages_select=None, packages_skip=None, packages_select_regex=None, packages_skip_regex=None, packages_start=None, packages_end=None, allow_overriding=[], cmake_args=None, cmake_target=None, cmake_target_skip_unavailable=False, cmake_clean_cache=False, cmake_clean_first=False, cmake_force_configure=False, ament_cmake_args=None, catkin_cmake_args=None, catkin_skip_building_tests=False, verb_parser=<colcon_defaults.argument_parser.defaults.DefaultArgumentsDecorator object at 0x7e6ed2a17bb0>, verb_extension=<colcon_core.verb.build.BuildVerb object at 0x7e6ed2b61360>, main=<bound method BuildVerb.main of <colcon_core.verb.build.BuildVerb object at 0x7e6ed2b61360>>)
[0.775s] Level 1:colcon.colcon_core.package_discovery:discover_packages(colcon_meta) check parameters
[0.776s] Level 1:colcon.colcon_core.package_discovery:discover_packages(recursive) check parameters
[0.776s] Level 1:colcon.colcon_core.package_discovery:discover_packages(ignore) check parameters
[0.776s] Level 1:colcon.colcon_core.package_discovery:discover_packages(path) check parameters
[0.776s] Level 1:colcon.colcon_core.package_discovery:discover_packages(colcon_meta) discover
[0.776s] Level 1:colcon.colcon_core.package_discovery:discover_packages(recursive) discover
[0.776s] INFO:colcon.colcon_core.package_discovery:Crawling recursively for packages in '/home/zfan/assignment3/assignment3_WS'
[0.776s] Level 1:colcon.colcon_core.package_identification:_identify(.) by extensions ['ignore', 'ignore_ament_install']
[0.777s] Level 1:colcon.colcon_core.package_identification:_identify(.) by extension 'ignore'
[0.777s] Level 1:colcon.colcon_core.package_identification:_identify(.) by extension 'ignore_ament_install'
[0.777s] Level 1:colcon.colcon_core.package_identification:_identify(.) by extensions ['colcon_pkg']
[0.777s] Level 1:colcon.colcon_core.package_identification:_identify(.) by extension 'colcon_pkg'
[0.777s] Level 1:colcon.colcon_core.package_identification:_identify(.) by extensions ['colcon_meta']
[0.777s] Level 1:colcon.colcon_core.package_identification:_identify(.) by extension 'colcon_meta'
[0.777s] Level 1:colcon.colcon_core.package_identification:_identify(.) by extensions ['ros']
[0.777s] Level 1:colcon.colcon_core.package_identification:_identify(.) by extension 'ros'
[0.809s] Level 1:colcon.colcon_core.package_identification:_identify(.) by extensions ['cmake', 'python']
[0.809s] Level 1:colcon.colcon_core.package_identification:_identify(.) by extension 'cmake'
[0.810s] Level 1:colcon.colcon_core.package_identification:_identify(.) by extension 'python'
[0.810s] Level 1:colcon.colcon_core.package_identification:_identify(.) by extensions ['python_setup_py']
[0.810s] Level 1:colcon.colcon_core.package_identification:_identify(.) by extension 'python_setup_py'
[0.810s] Level 1:colcon.colcon_core.package_identification:_identify(build) by extensions ['ignore', 'ignore_ament_install']
[0.810s] Level 1:colcon.colcon_core.package_identification:_identify(build) by extension 'ignore'
[0.810s] Level 1:colcon.colcon_core.package_identification:_identify(build) ignored
[0.811s] Level 1:colcon.colcon_core.package_identification:_identify(install) by extensions ['ignore', 'ignore_ament_install']
[0.811s] Level 1:colcon.colcon_core.package_identification:_identify(install) by extension 'ignore'
[0.811s] Level 1:colcon.colcon_core.package_identification:_identify(install) ignored
[0.811s] Level 1:colcon.colcon_core.package_identification:_identify(log) by extensions ['ignore', 'ignore_ament_install']
[0.812s] Level 1:colcon.colcon_core.package_identification:_identify(log) by extension 'ignore'
[0.812s] Level 1:colcon.colcon_core.package_identification:_identify(log) ignored
[0.812s] Level 1:colcon.colcon_core.package_identification:_identify(src) by extensions ['ignore', 'ignore_ament_install']
[0.812s] Level 1:colcon.colcon_core.package_identification:_identify(src) by extension 'ignore'
[0.812s] Level 1:colcon.colcon_core.package_identification:_identify(src) by extension 'ignore_ament_install'
[0.813s] Level 1:colcon.colcon_core.package_identification:_identify(src) by extensions ['colcon_pkg']
[0.813s] Level 1:colcon.colcon_core.package_identification:_identify(src) by extension 'colcon_pkg'
[0.813s] Level 1:colcon.colcon_core.package_identification:_identify(src) by extensions ['colcon_meta']
[0.813s] Level 1:colcon.colcon_core.package_identification:_identify(src) by extension 'colcon_meta'
[0.813s] Level 1:colcon.colcon_core.package_identification:_identify(src) by extensions ['ros']
[0.813s] Level 1:colcon.colcon_core.package_identification:_identify(src) by extension 'ros'
[0.814s] Level 1:colcon.colcon_core.package_identification:_identify(src) by extensions ['cmake', 'python']
[0.814s] Level 1:colcon.colcon_core.package_identification:_identify(src) by extension 'cmake'
[0.814s] Level 1:colcon.colcon_core.package_identification:_identify(src) by extension 'python'
[0.814s] Level 1:colcon.colcon_core.package_identification:_identify(src) by extensions ['python_setup_py']
[0.814s] Level 1:colcon.colcon_core.package_identification:_identify(src) by extension 'python_setup_py'
[0.814s] Level 1:colcon.colcon_core.package_identification:_identify(src/tb3_autonomous) by extensions ['ignore', 'ignore_ament_install']
[0.814s] Level 1:colcon.colcon_core.package_identification:_identify(src/tb3_autonomous) by extension 'ignore'
[0.815s] Level 1:colcon.colcon_core.package_identification:_identify(src/tb3_autonomous) by extension 'ignore_ament_install'
[0.815s] Level 1:colcon.colcon_core.package_identification:_identify(src/tb3_autonomous) by extensions ['colcon_pkg']
[0.815s] Level 1:colcon.colcon_core.package_identification:_identify(src/tb3_autonomous) by extension 'colcon_pkg'
[0.815s] Level 1:colcon.colcon_core.package_identification:_identify(src/tb3_autonomous) by extensions ['colcon_meta']
[0.815s] Level 1:colcon.colcon_core.package_identification:_identify(src/tb3_autonomous) by extension 'colcon_meta'
[0.815s] Level 1:colcon.colcon_core.package_identification:_identify(src/tb3_autonomous) by extensions ['ros']
[0.815s] Level 1:colcon.colcon_core.package_identification:_identify(src/tb3_autonomous) by extension 'ros'
[0.822s] DEBUG:colcon.colcon_core.package_identification:Package 'src/tb3_autonomous' with type 'ros.ament_python' and name 'tb3_autonomous'
[0.822s] Level 1:colcon.colcon_core.package_discovery:discover_packages(recursive) using defaults
[0.822s] Level 1:colcon.colcon_core.package_discovery:discover_packages(ignore) discover
[0.823s] Level 1:colcon.colcon_core.package_discovery:discover_packages(ignore) using defaults
[0.823s] Level 1:colcon.colcon_core.package_discovery:discover_packages(path) discover
[0.823s] Level 1:colcon.colcon_core.package_discovery:discover_packages(path) using defaults
[0.879s] Level 1:colcon.colcon_core.package_discovery:discover_packages(prefix_path) check parameters
[0.879s] Level 1:colcon.colcon_core.package_discovery:discover_packages(prefix_path) discover
[0.882s] WARNING:colcon.colcon_ros.prefix_path.ament:The path '/home/zfan/assignment3/assignment3_WS/install/tb3_autonomous' in the environment variable AMENT_PREFIX_PATH doesn't exist
[0.885s] DEBUG:colcon.colcon_installed_package_information.package_discovery:Found 0 installed packages in /home/zfan/assignment3/assignment3_WS/install
[0.888s] DEBUG:colcon.colcon_installed_package_information.package_discovery:Found 15 installed packages in /home/zfan/turtlebot3_ws/install
[0.892s] DEBUG:colcon.colcon_installed_package_information.package_discovery:Found 363 installed packages in /opt/ros/humble
[0.919s] Level 1:colcon.colcon_core.package_discovery:discover_packages(prefix_path) using defaults
[1.088s] Level 5:colcon.colcon_core.verb:set package 'tb3_autonomous' build argument 'cmake_args' from command line to 'None'
[1.089s] Level 5:colcon.colcon_core.verb:set package 'tb3_autonomous' build argument 'cmake_target' from command line to 'None'
[1.089s] Level 5:colcon.colcon_core.verb:set package 'tb3_autonomous' build argument 'cmake_target_skip_unavailable' from command line to 'False'
[1.089s] Level 5:colcon.colcon_core.verb:set package 'tb3_autonomous' build argument 'cmake_clean_cache' from command line to 'False'
[1.089s] Level 5:colcon.colcon_core.verb:set package 'tb3_autonomous' build argument 'cmake_clean_first' from command line to 'False'
[1.089s] Level 5:colcon.colcon_core.verb:set package 'tb3_autonomous' build argument 'cmake_force_configure' from command line to 'False'
[1.089s] Level 5:colcon.colcon_core.verb:set package 'tb3_autonomous' build argument 'ament_cmake_args' from command line to 'None'
[1.089s] Level 5:colcon.colcon_core.verb:set package 'tb3_autonomous' build argument 'catkin_cmake_args' from command line to 'None'
[1.089s] Level 5:colcon.colcon_core.verb:set package 'tb3_autonomous' build argument 'catkin_skip_building_tests' from command line to 'False'
[1.089s] DEBUG:colcon.colcon_core.verb:Building package 'tb3_autonomous' with the following arguments: {'ament_cmake_args': None, 'build_base': '/home/zfan/assignment3/assignment3_WS/build/tb3_autonomous', 'catkin_cmake_args': None, 'catkin_skip_building_tests': False, 'cmake_args': None, 'cmake_clean_cache': False, 'cmake_clean_first': False, 'cmake_force_configure': False, 'cmake_target': None, 'cmake_target_skip_unavailable': False, 'install_base': '/home/zfan/assignment3/assignment3_WS/install/tb3_autonomous', 'merge_install': False, 'path': '/home/zfan/assignment3/assignment3_WS/src/tb3_autonomous', 'symlink_install': False, 'test_result_base': None}
[1.090s] INFO:colcon.colcon_core.executor:Executing jobs using 'parallel' executor
[1.094s] DEBUG:colcon.colcon_parallel_executor.executor.parallel:run_until_complete
[1.094s] INFO:colcon.colcon_ros.task.ament_python.build:Building ROS package in '/home/zfan/assignment3/assignment3_WS/src/tb3_autonomous' with build type 'ament_python'
[1.095s] Level 1:colcon.colcon_core.shell:create_environment_hook('tb3_autonomous', 'ament_prefix_path')
[1.101s] INFO:colcon.colcon_core.plugin_system:Skipping extension 'colcon_core.shell.bat': Not used on non-Windows systems
[1.102s] INFO:colcon.colcon_core.shell:Creating environment hook '/home/zfan/assignment3/assignment3_WS/install/tb3_autonomous/share/tb3_autonomous/hook/ament_prefix_path.ps1'
[1.104s] INFO:colcon.colcon_core.shell:Creating environment descriptor '/home/zfan/assignment3/assignment3_WS/install/tb3_autonomous/share/tb3_autonomous/hook/ament_prefix_path.dsv'
[1.106s] INFO:colcon.colcon_core.shell:Creating environment hook '/home/zfan/assignment3/assignment3_WS/install/tb3_autonomous/share/tb3_autonomous/hook/ament_prefix_path.sh'
[1.109s] INFO:colcon.colcon_core.shell:Skip shell extension 'powershell' for command environment: Not usable outside of PowerShell
[1.109s] DEBUG:colcon.colcon_core.shell:Skip shell extension 'dsv' for command environment
[2.061s] WARNING:colcon.colcon_ros.task.ament_python.build:Package 'tb3_autonomous' doesn't explicitly install a marker in the package index (colcon-ros currently does it implicitly but that fallback will be removed in the future)
[2.063s] INFO:colcon.colcon_core.task.python.build:Building Python package in '/home/zfan/assignment3/assignment3_WS/src/tb3_autonomous'
[2.064s] INFO:colcon.colcon_core.shell:Skip shell extension 'powershell' for command environment: Not usable outside of PowerShell
[2.064s] DEBUG:colcon.colcon_core.shell:Skip shell extension 'dsv' for command environment
[3.512s] DEBUG:colcon.colcon_core.event_handler.log_command:Invoking command in '/home/zfan/assignment3/assignment3_WS/src/tb3_autonomous': PYTHONPATH=/home/zfan/assignment3/assignment3_WS/build/tb3_autonomous/prefix_override:/usr/lib/python3/dist-packages/colcon_core/task/python/colcon_distutils_commands:/home/zfan/assignment3/assignment3_WS/install/tb3_autonomous/lib/python3.10/site-packages:${PYTHONPATH} /usr/bin/python3 -W ignore:setup.py install is deprecated -W ignore:easy_install command is deprecated setup.py egg_info --egg-base ../../build/tb3_autonomous build --build-base /home/zfan/assignment3/assignment3_WS/build/tb3_autonomous/build install --record /home/zfan/assignment3/assignment3_WS/build/tb3_autonomous/install.log --single-version-externally-managed install_data
[4.418s] DEBUG:colcon.colcon_core.event_handler.log_command:Invoked command in '/home/zfan/assignment3/assignment3_WS/src/tb3_autonomous' returned '0': PYTHONPATH=/home/zfan/assignment3/assignment3_WS/build/tb3_autonomous/prefix_override:/usr/lib/python3/dist-packages/colcon_core/task/python/colcon_distutils_commands:/home/zfan/assignment3/assignment3_WS/install/tb3_autonomous/lib/python3.10/site-packages:${PYTHONPATH} /usr/bin/python3 -W ignore:setup.py install is deprecated -W ignore:easy_install command is deprecated setup.py egg_info --egg-base ../../build/tb3_autonomous build --build-base /home/zfan/assignment3/assignment3_WS/build/tb3_autonomous/build install --record /home/zfan/assignment3/assignment3_WS/build/tb3_autonomous/install.log --single-version-externally-managed install_data
[4.423s] Level 1:colcon.colcon_core.environment:checking '/home/zfan/assignment3/assignment3_WS/install/tb3_autonomous' for CMake module files
[4.424s] Level 1:colcon.colcon_core.environment:checking '/home/zfan/assignment3/assignment3_WS/install/tb3_autonomous' for CMake config files
[4.426s] Level 1:colcon.colcon_core.environment:checking '/home/zfan/assignment3/assignment3_WS/install/tb3_autonomous/lib'
[4.427s] Level 1:colcon.colcon_core.environment:checking '/home/zfan/assignment3/assignment3_WS/install/tb3_autonomous/bin'
[4.428s] Level 1:colcon.colcon_core.environment:checking '/home/zfan/assignment3/assignment3_WS/install/tb3_autonomous/lib/pkgconfig/tb3_autonomous.pc'
[4.428s] Level 1:colcon.colcon_core.environment:checking '/home/zfan/assignment3/assignment3_WS/install/tb3_autonomous/lib/python3.10/site-packages'
[4.428s] Level 1:colcon.colcon_core.shell:create_environment_hook('tb3_autonomous', 'pythonpath')
[4.429s] INFO:colcon.colcon_core.shell:Creating environment hook '/home/zfan/assignment3/assignment3_WS/install/tb3_autonomous/share/tb3_autonomous/hook/pythonpath.ps1'
[4.430s] INFO:colcon.colcon_core.shell:Creating environment descriptor '/home/zfan/assignment3/assignment3_WS/install/tb3_autonomous/share/tb3_autonomous/hook/pythonpath.dsv'
[4.431s] INFO:colcon.colcon_core.shell:Creating environment hook '/home/zfan/assignment3/assignment3_WS/install/tb3_autonomous/share/tb3_autonomous/hook/pythonpath.sh'
[4.433s] Level 1:colcon.colcon_core.environment:checking '/home/zfan/assignment3/assignment3_WS/install/tb3_autonomous/bin'
[4.433s] Level 1:colcon.colcon_core.environment:create_environment_scripts_only(tb3_autonomous)
[4.434s] INFO:colcon.colcon_core.shell:Creating package script '/home/zfan/assignment3/assignment3_WS/install/tb3_autonomous/share/tb3_autonomous/package.ps1'
[4.436s] INFO:colcon.colcon_core.shell:Creating package descriptor '/home/zfan/assignment3/assignment3_WS/install/tb3_autonomous/share/tb3_autonomous/package.dsv'
[4.437s] INFO:colcon.colcon_core.shell:Creating package script '/home/zfan/assignment3/assignment3_WS/install/tb3_autonomous/share/tb3_autonomous/package.sh'
[4.439s] INFO:colcon.colcon_core.shell:Creating package script '/home/zfan/assignment3/assignment3_WS/install/tb3_autonomous/share/tb3_autonomous/package.bash'
[4.441s] INFO:colcon.colcon_core.shell:Creating package script '/home/zfan/assignment3/assignment3_WS/install/tb3_autonomous/share/tb3_autonomous/package.zsh'
[4.443s] Level 1:colcon.colcon_core.environment:create_file_with_runtime_dependencies(/home/zfan/assignment3/assignment3_WS/install/tb3_autonomous/share/colcon-core/packages/tb3_autonomous)
[4.444s] DEBUG:colcon.colcon_parallel_executor.executor.parallel:closing loop
[4.446s] DEBUG:colcon.colcon_parallel_executor.executor.parallel:loop closed
[4.446s] DEBUG:colcon.colcon_parallel_executor.executor.parallel:run_until_complete finished with '0'
[4.446s] DEBUG:colcon.colcon_core.event_reactor:joining thread
[4.462s] INFO:colcon.colcon_core.plugin_system:Skipping extension 'colcon_notification.desktop_notification.terminal_notifier': Not used on non-Darwin systems
[4.462s] INFO:colcon.colcon_core.plugin_system:Skipping extension 'colcon_notification.desktop_notification.win32': Not used on non-Windows systems
[4.462s] INFO:colcon.colcon_notification.desktop_notification:Sending desktop notification using 'notify2'
[4.506s] DEBUG:colcon.colcon_core.event_reactor:joined thread
[4.506s] INFO:colcon.colcon_core.shell:Creating prefix script '/home/zfan/assignment3/assignment3_WS/install/local_setup.ps1'
[4.509s] INFO:colcon.colcon_core.shell:Creating prefix util module '/home/zfan/assignment3/assignment3_WS/install/_local_setup_util_ps1.py'
[4.513s] INFO:colcon.colcon_core.shell:Creating prefix chain script '/home/zfan/assignment3/assignment3_WS/install/setup.ps1'
[4.520s] INFO:colcon.colcon_core.shell:Creating prefix script '/home/zfan/assignment3/assignment3_WS/install/local_setup.sh'
[4.522s] INFO:colcon.colcon_core.shell:Creating prefix util module '/home/zfan/assignment3/assignment3_WS/install/_local_setup_util_sh.py'
[4.525s] INFO:colcon.colcon_core.shell:Creating prefix chain script '/home/zfan/assignment3/assignment3_WS/install/setup.sh'
[4.532s] INFO:colcon.colcon_core.shell:Creating prefix script '/home/zfan/assignment3/assignment3_WS/install/local_setup.bash'
[4.534s] INFO:colcon.colcon_core.shell:Creating prefix chain script '/home/zfan/assignment3/assignment3_WS/install/setup.bash'
[4.539s] INFO:colcon.colcon_core.shell:Creating prefix script '/home/zfan/assignment3/assignment3_WS/install/local_setup.zsh'
[4.541s] INFO:colcon.colcon_core.shell:Creating prefix chain script '/home/zfan/assignment3/assignment3_WS/install/setup.zsh'
