running egg_info
creating ../../build/tb3_autonomous/tb3_autonomous.egg-info
writing ../../build/tb3_autonomous/tb3_autonomous.egg-info/PKG-INFO
writing dependency_links to ../../build/tb3_autonomous/tb3_autonomous.egg-info/dependency_links.txt
writing entry points to ../../build/tb3_autonomous/tb3_autonomous.egg-info/entry_points.txt
writing requirements to ../../build/tb3_autonomous/tb3_autonomous.egg-info/requires.txt
writing top-level names to ../../build/tb3_autonomous/tb3_autonomous.egg-info/top_level.txt
writing manifest file '../../build/tb3_autonomous/tb3_autonomous.egg-info/SOURCES.txt'
reading manifest file '../../build/tb3_autonomous/tb3_autonomous.egg-info/SOURCES.txt'
writing manifest file '../../build/tb3_autonomous/tb3_autonomous.egg-info/SOURCES.txt'
running build
running build_py
creating /home/zfan/assignment3/assignment3_WS/build/tb3_autonomous/build
creating /home/zfan/assignment3/assignment3_WS/build/tb3_autonomous/build/lib
creating /home/zfan/assignment3/assignment3_WS/build/tb3_autonomous/build/lib/tb3_autonomous
copying tb3_autonomous/__init__.py -> /home/zfan/assignment3/assignment3_WS/build/tb3_autonomous/build/lib/tb3_autonomous
copying tb3_autonomous/navigation_node.py -> /home/zfan/assignment3/assignment3_WS/build/tb3_autonomous/build/lib/tb3_autonomous
running install
running install_lib
creating /home/zfan/assignment3/assignment3_WS/install/tb3_autonomous/lib/python3.10/site-packages/tb3_autonomous
copying /home/zfan/assignment3/assignment3_WS/build/tb3_autonomous/build/lib/tb3_autonomous/__init__.py -> /home/zfan/assignment3/assignment3_WS/install/tb3_autonomous/lib/python3.10/site-packages/tb3_autonomous
copying /home/zfan/assignment3/assignment3_WS/build/tb3_autonomous/build/lib/tb3_autonomous/navigation_node.py -> /home/zfan/assignment3/assignment3_WS/install/tb3_autonomous/lib/python3.10/site-packages/tb3_autonomous
byte-compiling /home/zfan/assignment3/assignment3_WS/install/tb3_autonomous/lib/python3.10/site-packages/tb3_autonomous/__init__.py to __init__.cpython-310.pyc
byte-compiling /home/zfan/assignment3/assignment3_WS/install/tb3_autonomous/lib/python3.10/site-packages/tb3_autonomous/navigation_node.py to navigation_node.cpython-310.pyc
running install_data
creating /home/zfan/assignment3/assignment3_WS/install/tb3_autonomous/share/tb3_autonomous/launch
copying launch/new_world.launch.py -> /home/zfan/assignment3/assignment3_WS/install/tb3_autonomous/share/tb3_autonomous/launch
creating /home/zfan/assignment3/assignment3_WS/install/tb3_autonomous/share/tb3_autonomous/xacro
copying xacro/turtlebot3_waffle_pi.urdf.xacro -> /home/zfan/assignment3/assignment3_WS/install/tb3_autonomous/share/tb3_autonomous/xacro
creating /home/zfan/assignment3/assignment3_WS/install/tb3_autonomous/share/tb3_autonomous/worlds
copying worlds/new_world.world -> /home/zfan/assignment3/assignment3_WS/install/tb3_autonomous/share/tb3_autonomous/worlds
copying package.xml -> /home/zfan/assignment3/assignment3_WS/install/tb3_autonomous/share/tb3_autonomous
running install_egg_info
Copying ../../build/tb3_autonomous/tb3_autonomous.egg-info to /home/zfan/assignment3/assignment3_WS/install/tb3_autonomous/lib/python3.10/site-packages/tb3_autonomous-0.0.0-py3.10.egg-info
running install_scripts
Installing vision_nav script to /home/zfan/assignment3/assignment3_WS/install/tb3_autonomous/lib/tb3_autonomous
writing list of installed files to '/home/zfan/assignment3/assignment3_WS/build/tb3_autonomous/install.log'
