[0.953s] Invoking command in '/home/zfan/assignment3/assignment3_WS/src/tb3_autonomous': PYTHONPATH=/home/zfan/assignment3/assignment3_WS/build/tb3_autonomous/prefix_override:/usr/lib/python3/dist-packages/colcon_core/task/python/colcon_distutils_commands:/home/zfan/assignment3/assignment3_WS/install/tb3_autonomous/lib/python3.10/site-packages:${PYTHONPATH} /usr/bin/python3 -W ignore:setup.py install is deprecated -W ignore:easy_install command is deprecated setup.py egg_info --egg-base ../../build/tb3_autonomous build --build-base /home/zfan/assignment3/assignment3_WS/build/tb3_autonomous/build install --record /home/zfan/assignment3/assignment3_WS/build/tb3_autonomous/install.log --single-version-externally-managed install_data
[1.219s] running egg_info
[1.220s] creating ../../build/tb3_autonomous/tb3_autonomous.egg-info
[1.220s] writing ../../build/tb3_autonomous/tb3_autonomous.egg-info/PKG-INFO
[1.220s] writing dependency_links to ../../build/tb3_autonomous/tb3_autonomous.egg-info/dependency_links.txt
[1.221s] writing entry points to ../../build/tb3_autonomous/tb3_autonomous.egg-info/entry_points.txt
[1.221s] writing requirements to ../../build/tb3_autonomous/tb3_autonomous.egg-info/requires.txt
[1.221s] writing top-level names to ../../build/tb3_autonomous/tb3_autonomous.egg-info/top_level.txt
[1.221s] writing manifest file '../../build/tb3_autonomous/tb3_autonomous.egg-info/SOURCES.txt'
[1.223s] reading manifest file '../../build/tb3_autonomous/tb3_autonomous.egg-info/SOURCES.txt'
[1.224s] writing manifest file '../../build/tb3_autonomous/tb3_autonomous.egg-info/SOURCES.txt'
[1.224s] running build
[1.224s] running build_py
[1.224s] creating /home/zfan/assignment3/assignment3_WS/build/tb3_autonomous/build
[1.225s] creating /home/zfan/assignment3/assignment3_WS/build/tb3_autonomous/build/lib
[1.225s] creating /home/zfan/assignment3/assignment3_WS/build/tb3_autonomous/build/lib/tb3_autonomous
[1.225s] copying tb3_autonomous/__init__.py -> /home/zfan/assignment3/assignment3_WS/build/tb3_autonomous/build/lib/tb3_autonomous
[1.225s] copying tb3_autonomous/navigation_node.py -> /home/zfan/assignment3/assignment3_WS/build/tb3_autonomous/build/lib/tb3_autonomous
[1.225s] running install
[1.225s] running install_lib
[1.226s] creating /home/zfan/assignment3/assignment3_WS/install/tb3_autonomous/lib/python3.10/site-packages/tb3_autonomous
[1.227s] copying /home/zfan/assignment3/assignment3_WS/build/tb3_autonomous/build/lib/tb3_autonomous/__init__.py -> /home/zfan/assignment3/assignment3_WS/install/tb3_autonomous/lib/python3.10/site-packages/tb3_autonomous
[1.227s] copying /home/zfan/assignment3/assignment3_WS/build/tb3_autonomous/build/lib/tb3_autonomous/navigation_node.py -> /home/zfan/assignment3/assignment3_WS/install/tb3_autonomous/lib/python3.10/site-packages/tb3_autonomous
[1.227s] byte-compiling /home/zfan/assignment3/assignment3_WS/install/tb3_autonomous/lib/python3.10/site-packages/tb3_autonomous/__init__.py to __init__.cpython-310.pyc
[1.228s] byte-compiling /home/zfan/assignment3/assignment3_WS/install/tb3_autonomous/lib/python3.10/site-packages/tb3_autonomous/navigation_node.py to navigation_node.cpython-310.pyc
[1.229s] running install_data
[1.229s] creating /home/zfan/assignment3/assignment3_WS/install/tb3_autonomous/share/tb3_autonomous/launch
[1.229s] copying launch/new_world.launch.py -> /home/zfan/assignment3/assignment3_WS/install/tb3_autonomous/share/tb3_autonomous/launch
[1.243s] creating /home/zfan/assignment3/assignment3_WS/install/tb3_autonomous/share/tb3_autonomous/xacro
[1.243s] copying xacro/turtlebot3_waffle_pi.urdf.xacro -> /home/zfan/assignment3/assignment3_WS/install/tb3_autonomous/share/tb3_autonomous/xacro
[1.244s] creating /home/zfan/assignment3/assignment3_WS/install/tb3_autonomous/share/tb3_autonomous/worlds
[1.245s] copying worlds/new_world.world -> /home/zfan/assignment3/assignment3_WS/install/tb3_autonomous/share/tb3_autonomous/worlds
[1.248s] copying package.xml -> /home/zfan/assignment3/assignment3_WS/install/tb3_autonomous/share/tb3_autonomous
[1.248s] running install_egg_info
[1.250s] Copying ../../build/tb3_autonomous/tb3_autonomous.egg-info to /home/zfan/assignment3/assignment3_WS/install/tb3_autonomous/lib/python3.10/site-packages/tb3_autonomous-0.0.0-py3.10.egg-info
[1.251s] running install_scripts
[1.274s] Installing vision_nav script to /home/zfan/assignment3/assignment3_WS/install/tb3_autonomous/lib/tb3_autonomous
[1.274s] writing list of installed files to '/home/zfan/assignment3/assignment3_WS/build/tb3_autonomous/install.log'
[1.300s] Invoked command in '/home/zfan/assignment3/assignment3_WS/src/tb3_autonomous' returned '0': PYTHONPATH=/home/zfan/assignment3/assignment3_WS/build/tb3_autonomous/prefix_override:/usr/lib/python3/dist-packages/colcon_core/task/python/colcon_distutils_commands:/home/zfan/assignment3/assignment3_WS/install/tb3_autonomous/lib/python3.10/site-packages:${PYTHONPATH} /usr/bin/python3 -W ignore:setup.py install is deprecated -W ignore:easy_install command is deprecated setup.py egg_info --egg-base ../../build/tb3_autonomous build --build-base /home/zfan/assignment3/assignment3_WS/build/tb3_autonomous/build install --record /home/zfan/assignment3/assignment3_WS/build/tb3_autonomous/install.log --single-version-externally-managed install_data
