[0.220s] DEBUG:colcon:Command line arguments: ['/usr/bin/colcon', 'build']
[0.220s] DEBUG:colcon:Parsed command line arguments: Namespace(log_base=None, log_level=None, verb_name='build', build_base='build', install_base='install', merge_install=False, symlink_install=False, test_result_base=None, continue_on_error=False, executor='parallel', parallel_workers=8, event_handlers=None, ignore_user_meta=False, metas=['./colcon.meta'], base_paths=['.'], packages_ignore=None, packages_ignore_regex=None, paths=None, packages_up_to=None, packages_up_to_regex=None, packages_above=None, packages_above_and_dependencies=None, packages_above_depth=None, packages_select_by_dep=None, packages_skip_by_dep=None, packages_skip_up_to=None, packages_select_build_failed=False, packages_skip_build_finished=False, packages_select_test_failures=False, packages_skip_test_passed=False, packages_select=None, packages_skip=None, packages_select_regex=None, packages_skip_regex=None, packages_start=None, packages_end=None, allow_overriding=[], cmake_args=None, cmake_target=None, cmake_target_skip_unavailable=False, cmake_clean_cache=False, cmake_clean_first=False, cmake_force_configure=False, ament_cmake_args=None, catkin_cmake_args=None, catkin_skip_building_tests=False, verb_parser=<colcon_defaults.argument_parser.defaults.DefaultArgumentsDecorator object at 0x7d043d1a3be0>, verb_extension=<colcon_core.verb.build.BuildVerb object at 0x7d043d36cf70>, main=<bound method BuildVerb.main of <colcon_core.verb.build.BuildVerb object at 0x7d043d36cf70>>)
[0.556s] Level 1:colcon.colcon_core.package_discovery:discover_packages(colcon_meta) check parameters
[0.556s] Level 1:colcon.colcon_core.package_discovery:discover_packages(recursive) check parameters
[0.556s] Level 1:colcon.colcon_core.package_discovery:discover_packages(ignore) check parameters
[0.556s] Level 1:colcon.colcon_core.package_discovery:discover_packages(path) check parameters
[0.556s] Level 1:colcon.colcon_core.package_discovery:discover_packages(colcon_meta) discover
[0.556s] Level 1:colcon.colcon_core.package_discovery:discover_packages(recursive) discover
[0.556s] INFO:colcon.colcon_core.package_discovery:Crawling recursively for packages in '/home/zfan/assignment3/assignment3_WS'
[0.556s] Level 1:colcon.colcon_core.package_identification:_identify(.) by extensions ['ignore', 'ignore_ament_install']
[0.557s] Level 1:colcon.colcon_core.package_identification:_identify(.) by extension 'ignore'
[0.557s] Level 1:colcon.colcon_core.package_identification:_identify(.) by extension 'ignore_ament_install'
[0.557s] Level 1:colcon.colcon_core.package_identification:_identify(.) by extensions ['colcon_pkg']
[0.557s] Level 1:colcon.colcon_core.package_identification:_identify(.) by extension 'colcon_pkg'
[0.557s] Level 1:colcon.colcon_core.package_identification:_identify(.) by extensions ['colcon_meta']
[0.557s] Level 1:colcon.colcon_core.package_identification:_identify(.) by extension 'colcon_meta'
[0.557s] Level 1:colcon.colcon_core.package_identification:_identify(.) by extensions ['ros']
[0.557s] Level 1:colcon.colcon_core.package_identification:_identify(.) by extension 'ros'
[0.572s] Level 1:colcon.colcon_core.package_identification:_identify(.) by extensions ['cmake', 'python']
[0.572s] Level 1:colcon.colcon_core.package_identification:_identify(.) by extension 'cmake'
[0.572s] Level 1:colcon.colcon_core.package_identification:_identify(.) by extension 'python'
[0.572s] Level 1:colcon.colcon_core.package_identification:_identify(.) by extensions ['python_setup_py']
[0.572s] Level 1:colcon.colcon_core.package_identification:_identify(.) by extension 'python_setup_py'
[0.572s] Level 1:colcon.colcon_core.package_identification:_identify(build) by extensions ['ignore', 'ignore_ament_install']
[0.572s] Level 1:colcon.colcon_core.package_identification:_identify(build) by extension 'ignore'
[0.572s] Level 1:colcon.colcon_core.package_identification:_identify(build) ignored
[0.572s] Level 1:colcon.colcon_core.package_identification:_identify(install) by extensions ['ignore', 'ignore_ament_install']
[0.572s] Level 1:colcon.colcon_core.package_identification:_identify(install) by extension 'ignore'
[0.572s] Level 1:colcon.colcon_core.package_identification:_identify(install) ignored
[0.572s] Level 1:colcon.colcon_core.package_identification:_identify(log) by extensions ['ignore', 'ignore_ament_install']
[0.572s] Level 1:colcon.colcon_core.package_identification:_identify(log) by extension 'ignore'
[0.572s] Level 1:colcon.colcon_core.package_identification:_identify(log) ignored
[0.573s] Level 1:colcon.colcon_core.package_identification:_identify(src) by extensions ['ignore', 'ignore_ament_install']
[0.573s] Level 1:colcon.colcon_core.package_identification:_identify(src) by extension 'ignore'
[0.573s] Level 1:colcon.colcon_core.package_identification:_identify(src) by extension 'ignore_ament_install'
[0.573s] Level 1:colcon.colcon_core.package_identification:_identify(src) by extensions ['colcon_pkg']
[0.573s] Level 1:colcon.colcon_core.package_identification:_identify(src) by extension 'colcon_pkg'
[0.573s] Level 1:colcon.colcon_core.package_identification:_identify(src) by extensions ['colcon_meta']
[0.573s] Level 1:colcon.colcon_core.package_identification:_identify(src) by extension 'colcon_meta'
[0.573s] Level 1:colcon.colcon_core.package_identification:_identify(src) by extensions ['ros']
[0.573s] Level 1:colcon.colcon_core.package_identification:_identify(src) by extension 'ros'
[0.573s] Level 1:colcon.colcon_core.package_identification:_identify(src) by extensions ['cmake', 'python']
[0.573s] Level 1:colcon.colcon_core.package_identification:_identify(src) by extension 'cmake'
[0.573s] Level 1:colcon.colcon_core.package_identification:_identify(src) by extension 'python'
[0.573s] Level 1:colcon.colcon_core.package_identification:_identify(src) by extensions ['python_setup_py']
[0.573s] Level 1:colcon.colcon_core.package_identification:_identify(src) by extension 'python_setup_py'
[0.573s] Level 1:colcon.colcon_core.package_identification:_identify(src/tb3_autonomous) by extensions ['ignore', 'ignore_ament_install']
[0.573s] Level 1:colcon.colcon_core.package_identification:_identify(src/tb3_autonomous) by extension 'ignore'
[0.573s] Level 1:colcon.colcon_core.package_identification:_identify(src/tb3_autonomous) by extension 'ignore_ament_install'
[0.573s] Level 1:colcon.colcon_core.package_identification:_identify(src/tb3_autonomous) by extensions ['colcon_pkg']
[0.573s] Level 1:colcon.colcon_core.package_identification:_identify(src/tb3_autonomous) by extension 'colcon_pkg'
[0.573s] Level 1:colcon.colcon_core.package_identification:_identify(src/tb3_autonomous) by extensions ['colcon_meta']
[0.573s] Level 1:colcon.colcon_core.package_identification:_identify(src/tb3_autonomous) by extension 'colcon_meta'
[0.573s] Level 1:colcon.colcon_core.package_identification:_identify(src/tb3_autonomous) by extensions ['ros']
[0.573s] Level 1:colcon.colcon_core.package_identification:_identify(src/tb3_autonomous) by extension 'ros'
[0.579s] DEBUG:colcon.colcon_core.package_identification:Package 'src/tb3_autonomous' with type 'ros.ament_python' and name 'tb3_autonomous'
[0.579s] Level 1:colcon.colcon_core.package_discovery:discover_packages(recursive) using defaults
[0.579s] Level 1:colcon.colcon_core.package_discovery:discover_packages(ignore) discover
[0.579s] Level 1:colcon.colcon_core.package_discovery:discover_packages(ignore) using defaults
[0.579s] Level 1:colcon.colcon_core.package_discovery:discover_packages(path) discover
[0.579s] Level 1:colcon.colcon_core.package_discovery:discover_packages(path) using defaults
[0.615s] Level 1:colcon.colcon_core.package_discovery:discover_packages(prefix_path) check parameters
[0.615s] Level 1:colcon.colcon_core.package_discovery:discover_packages(prefix_path) discover
[0.623s] DEBUG:colcon.colcon_installed_package_information.package_discovery:Found 15 installed packages in /home/zfan/turtlebot3_ws/install
[0.624s] DEBUG:colcon.colcon_installed_package_information.package_discovery:Found 363 installed packages in /opt/ros/humble
[0.635s] Level 1:colcon.colcon_core.package_discovery:discover_packages(prefix_path) using defaults
[0.732s] Level 5:colcon.colcon_core.verb:set package 'tb3_autonomous' build argument 'cmake_args' from command line to 'None'
[0.733s] Level 5:colcon.colcon_core.verb:set package 'tb3_autonomous' build argument 'cmake_target' from command line to 'None'
[0.733s] Level 5:colcon.colcon_core.verb:set package 'tb3_autonomous' build argument 'cmake_target_skip_unavailable' from command line to 'False'
[0.733s] Level 5:colcon.colcon_core.verb:set package 'tb3_autonomous' build argument 'cmake_clean_cache' from command line to 'False'
[0.733s] Level 5:colcon.colcon_core.verb:set package 'tb3_autonomous' build argument 'cmake_clean_first' from command line to 'False'
[0.733s] Level 5:colcon.colcon_core.verb:set package 'tb3_autonomous' build argument 'cmake_force_configure' from command line to 'False'
[0.733s] Level 5:colcon.colcon_core.verb:set package 'tb3_autonomous' build argument 'ament_cmake_args' from command line to 'None'
[0.733s] Level 5:colcon.colcon_core.verb:set package 'tb3_autonomous' build argument 'catkin_cmake_args' from command line to 'None'
[0.733s] Level 5:colcon.colcon_core.verb:set package 'tb3_autonomous' build argument 'catkin_skip_building_tests' from command line to 'False'
[0.733s] DEBUG:colcon.colcon_core.verb:Building package 'tb3_autonomous' with the following arguments: {'ament_cmake_args': None, 'build_base': '/home/zfan/assignment3/assignment3_WS/build/tb3_autonomous', 'catkin_cmake_args': None, 'catkin_skip_building_tests': False, 'cmake_args': None, 'cmake_clean_cache': False, 'cmake_clean_first': False, 'cmake_force_configure': False, 'cmake_target': None, 'cmake_target_skip_unavailable': False, 'install_base': '/home/zfan/assignment3/assignment3_WS/install/tb3_autonomous', 'merge_install': False, 'path': '/home/zfan/assignment3/assignment3_WS/src/tb3_autonomous', 'symlink_install': False, 'test_result_base': None}
[0.733s] INFO:colcon.colcon_core.executor:Executing jobs using 'parallel' executor
[0.734s] DEBUG:colcon.colcon_parallel_executor.executor.parallel:run_until_complete
[0.735s] INFO:colcon.colcon_ros.task.ament_python.build:Building ROS package in '/home/zfan/assignment3/assignment3_WS/src/tb3_autonomous' with build type 'ament_python'
[0.735s] Level 1:colcon.colcon_core.shell:create_environment_hook('tb3_autonomous', 'ament_prefix_path')
[0.742s] INFO:colcon.colcon_core.plugin_system:Skipping extension 'colcon_core.shell.bat': Not used on non-Windows systems
[0.743s] INFO:colcon.colcon_core.shell:Creating environment hook '/home/zfan/assignment3/assignment3_WS/install/tb3_autonomous/share/tb3_autonomous/hook/ament_prefix_path.ps1'
[0.744s] INFO:colcon.colcon_core.shell:Creating environment descriptor '/home/zfan/assignment3/assignment3_WS/install/tb3_autonomous/share/tb3_autonomous/hook/ament_prefix_path.dsv'
[0.745s] INFO:colcon.colcon_core.shell:Creating environment hook '/home/zfan/assignment3/assignment3_WS/install/tb3_autonomous/share/tb3_autonomous/hook/ament_prefix_path.sh'
[0.747s] INFO:colcon.colcon_core.shell:Skip shell extension 'powershell' for command environment: Not usable outside of PowerShell
[0.747s] DEBUG:colcon.colcon_core.shell:Skip shell extension 'dsv' for command environment
[1.069s] WARNING:colcon.colcon_ros.task.ament_python.build:Package 'tb3_autonomous' doesn't explicitly install a marker in the package index (colcon-ros currently does it implicitly but that fallback will be removed in the future)
[1.070s] INFO:colcon.colcon_core.task.python.build:Building Python package in '/home/zfan/assignment3/assignment3_WS/src/tb3_autonomous'
[1.070s] INFO:colcon.colcon_core.shell:Skip shell extension 'powershell' for command environment: Not usable outside of PowerShell
[1.070s] DEBUG:colcon.colcon_core.shell:Skip shell extension 'dsv' for command environment
[1.688s] DEBUG:colcon.colcon_core.event_handler.log_command:Invoking command in '/home/zfan/assignment3/assignment3_WS/src/tb3_autonomous': PYTHONPATH=/home/zfan/assignment3/assignment3_WS/build/tb3_autonomous/prefix_override:/usr/lib/python3/dist-packages/colcon_core/task/python/colcon_distutils_commands:/home/zfan/assignment3/assignment3_WS/install/tb3_autonomous/lib/python3.10/site-packages:${PYTHONPATH} /usr/bin/python3 -W ignore:setup.py install is deprecated -W ignore:easy_install command is deprecated setup.py egg_info --egg-base ../../build/tb3_autonomous build --build-base /home/zfan/assignment3/assignment3_WS/build/tb3_autonomous/build install --record /home/zfan/assignment3/assignment3_WS/build/tb3_autonomous/install.log --single-version-externally-managed install_data
[2.035s] DEBUG:colcon.colcon_core.event_handler.log_command:Invoked command in '/home/zfan/assignment3/assignment3_WS/src/tb3_autonomous' returned '0': PYTHONPATH=/home/zfan/assignment3/assignment3_WS/build/tb3_autonomous/prefix_override:/usr/lib/python3/dist-packages/colcon_core/task/python/colcon_distutils_commands:/home/zfan/assignment3/assignment3_WS/install/tb3_autonomous/lib/python3.10/site-packages:${PYTHONPATH} /usr/bin/python3 -W ignore:setup.py install is deprecated -W ignore:easy_install command is deprecated setup.py egg_info --egg-base ../../build/tb3_autonomous build --build-base /home/zfan/assignment3/assignment3_WS/build/tb3_autonomous/build install --record /home/zfan/assignment3/assignment3_WS/build/tb3_autonomous/install.log --single-version-externally-managed install_data
[2.041s] Level 1:colcon.colcon_core.environment:checking '/home/zfan/assignment3/assignment3_WS/install/tb3_autonomous' for CMake module files
[2.041s] Level 1:colcon.colcon_core.environment:checking '/home/zfan/assignment3/assignment3_WS/install/tb3_autonomous' for CMake config files
[2.042s] Level 1:colcon.colcon_core.environment:checking '/home/zfan/assignment3/assignment3_WS/install/tb3_autonomous/lib'
[2.042s] Level 1:colcon.colcon_core.environment:checking '/home/zfan/assignment3/assignment3_WS/install/tb3_autonomous/bin'
[2.042s] Level 1:colcon.colcon_core.environment:checking '/home/zfan/assignment3/assignment3_WS/install/tb3_autonomous/lib/pkgconfig/tb3_autonomous.pc'
[2.043s] Level 1:colcon.colcon_core.environment:checking '/home/zfan/assignment3/assignment3_WS/install/tb3_autonomous/lib/python3.10/site-packages'
[2.043s] Level 1:colcon.colcon_core.shell:create_environment_hook('tb3_autonomous', 'pythonpath')
[2.043s] INFO:colcon.colcon_core.shell:Creating environment hook '/home/zfan/assignment3/assignment3_WS/install/tb3_autonomous/share/tb3_autonomous/hook/pythonpath.ps1'
[2.043s] INFO:colcon.colcon_core.shell:Creating environment descriptor '/home/zfan/assignment3/assignment3_WS/install/tb3_autonomous/share/tb3_autonomous/hook/pythonpath.dsv'
[2.044s] INFO:colcon.colcon_core.shell:Creating environment hook '/home/zfan/assignment3/assignment3_WS/install/tb3_autonomous/share/tb3_autonomous/hook/pythonpath.sh'
[2.044s] Level 1:colcon.colcon_core.environment:checking '/home/zfan/assignment3/assignment3_WS/install/tb3_autonomous/bin'
[2.044s] Level 1:colcon.colcon_core.environment:create_environment_scripts_only(tb3_autonomous)
[2.044s] INFO:colcon.colcon_core.shell:Creating package script '/home/zfan/assignment3/assignment3_WS/install/tb3_autonomous/share/tb3_autonomous/package.ps1'
[2.046s] INFO:colcon.colcon_core.shell:Creating package descriptor '/home/zfan/assignment3/assignment3_WS/install/tb3_autonomous/share/tb3_autonomous/package.dsv'
[2.047s] INFO:colcon.colcon_core.shell:Creating package script '/home/zfan/assignment3/assignment3_WS/install/tb3_autonomous/share/tb3_autonomous/package.sh'
[2.048s] INFO:colcon.colcon_core.shell:Creating package script '/home/zfan/assignment3/assignment3_WS/install/tb3_autonomous/share/tb3_autonomous/package.bash'
[2.049s] INFO:colcon.colcon_core.shell:Creating package script '/home/zfan/assignment3/assignment3_WS/install/tb3_autonomous/share/tb3_autonomous/package.zsh'
[2.050s] Level 1:colcon.colcon_core.environment:create_file_with_runtime_dependencies(/home/zfan/assignment3/assignment3_WS/install/tb3_autonomous/share/colcon-core/packages/tb3_autonomous)
[2.050s] DEBUG:colcon.colcon_parallel_executor.executor.parallel:closing loop
[2.051s] DEBUG:colcon.colcon_parallel_executor.executor.parallel:loop closed
[2.051s] DEBUG:colcon.colcon_parallel_executor.executor.parallel:run_until_complete finished with '0'
[2.051s] DEBUG:colcon.colcon_core.event_reactor:joining thread
[2.059s] INFO:colcon.colcon_core.plugin_system:Skipping extension 'colcon_notification.desktop_notification.terminal_notifier': Not used on non-Darwin systems
[2.059s] INFO:colcon.colcon_core.plugin_system:Skipping extension 'colcon_notification.desktop_notification.win32': Not used on non-Windows systems
[2.059s] INFO:colcon.colcon_notification.desktop_notification:Sending desktop notification using 'notify2'
[2.079s] DEBUG:colcon.colcon_core.event_reactor:joined thread
[2.079s] INFO:colcon.colcon_core.shell:Creating prefix script '/home/zfan/assignment3/assignment3_WS/install/local_setup.ps1'
[2.081s] INFO:colcon.colcon_core.shell:Creating prefix util module '/home/zfan/assignment3/assignment3_WS/install/_local_setup_util_ps1.py'
[2.083s] INFO:colcon.colcon_core.shell:Creating prefix chain script '/home/zfan/assignment3/assignment3_WS/install/setup.ps1'
[2.086s] INFO:colcon.colcon_core.shell:Creating prefix script '/home/zfan/assignment3/assignment3_WS/install/local_setup.sh'
[2.088s] INFO:colcon.colcon_core.shell:Creating prefix util module '/home/zfan/assignment3/assignment3_WS/install/_local_setup_util_sh.py'
[2.089s] INFO:colcon.colcon_core.shell:Creating prefix chain script '/home/zfan/assignment3/assignment3_WS/install/setup.sh'
[2.092s] INFO:colcon.colcon_core.shell:Creating prefix script '/home/zfan/assignment3/assignment3_WS/install/local_setup.bash'
[2.093s] INFO:colcon.colcon_core.shell:Creating prefix chain script '/home/zfan/assignment3/assignment3_WS/install/setup.bash'
[2.096s] INFO:colcon.colcon_core.shell:Creating prefix script '/home/zfan/assignment3/assignment3_WS/install/local_setup.zsh'
[2.097s] INFO:colcon.colcon_core.shell:Creating prefix chain script '/home/zfan/assignment3/assignment3_WS/install/setup.zsh'
